<?xml version="1.0" encoding="UTF-8"?>
<!-- Generated by org.testng.reporters.JUnitXMLReporter -->
<testsuite hostname="DESKTOP-9E51PAK" failures="1" tests="3" name="Simple Test Suite" time="35.508" errors="0" timestamp="15 Feb 2021 12:23:08 GMT">
  <testcase classname="tests.DashboardTest" name="login" time="3.041"/>
  <testcase classname="tests.DashboardTest" name="login" time="17.808"/>
  <testcase classname="tests.DashboardTest" name="Search" time="0.004">
    <failure type="java.lang.NullPointerException">
      <![CDATA[java.lang.NullPointerException
	at org.openqa.selenium.support.pagefactory.DefaultElementLocator.findElement(DefaultElementLocator.java:69)
	at org.openqa.selenium.support.pagefactory.internal.LocatingElementHandler.invoke(LocatingElementHandler.java:38)
	at com.sun.proxy.$Proxy15.sendKeys(Unknown Source)
	at pages.Dashboard.search(Dashboard.java:32)
	at tests.DashboardTest.Search(DashboardTest.java:10)
... Removed 24 stack frames]]>
    </failure>
  </testcase> <!-- Search -->
</testsuite> <!-- Simple Test Suite -->
