<?xml version="1.0" encoding="UTF-8"?>
<testng-results total="3" passed="2" failed="1" skipped="0">
  <reporter-output>
  </reporter-output>
  <suite started-at="2021-02-15T12:22:33Z" name="Test Suite" finished-at="2021-02-15T12:23:08Z" duration-ms="35508">
    <groups>
      <group name="loginpage">
        <method signature="LoginTest.login(java.lang.String, java.lang.String)[pri:0, instance:tests.DashboardTest@2de23121]" name="login" class="tests.LoginTest"/>
      </group> <!-- loginpage -->
    </groups>
    <test started-at="2021-02-15T12:22:33Z" name="Simple Test Suite" finished-at="2021-02-15T12:23:08Z" duration-ms="35508">
      <class name="tests.DashboardTest">
        <test-method is-config="true" signature="setup(java.lang.String, java.lang.String)[pri:0, instance:tests.DashboardTest@2de23121]" started-at="2021-02-15T17:52:33Z" name="setup" finished-at="2021-02-15T17:52:44Z" duration-ms="11399" status="PASS">
          <params>
            <param index="0">
              <value>
                <![CDATA[https://intranet.einfochips.com/employee_intranet/portal/auth/login]]>
              </value>
            </param>
            <param index="1">
              <value>
                <![CDATA[chrome]]>
              </value>
            </param>
          </params>
          <reporter-output>
          </reporter-output>
        </test-method> <!-- setup -->
        <test-method signature="login(java.lang.String, java.lang.String)[pri:0, instance:tests.DashboardTest@2de23121]" started-at="2021-02-15T17:52:44Z" name="login" data-provider="loginData" finished-at="2021-02-15T17:52:47Z" duration-ms="3041" status="PASS">
          <params>
            <param index="0">
              <value>
                <![CDATA[shubhangi.tomar]]>
              </value>
            </param>
            <param index="1">
              <value>
                <![CDATA[etyh@123]]>
              </value>
            </param>
          </params>
          <reporter-output>
          </reporter-output>
        </test-method> <!-- login -->
        <test-method signature="login(java.lang.String, java.lang.String)[pri:0, instance:tests.DashboardTest@2de23121]" started-at="2021-02-15T17:52:47Z" name="login" data-provider="loginData" finished-at="2021-02-15T17:53:05Z" duration-ms="17808" status="PASS">
          <params>
            <param index="0">
              <value>
                <![CDATA[shubhangi.tomar]]>
              </value>
            </param>
            <param index="1">
              <value>
                <![CDATA[Einfochips0130@]]>
              </value>
            </param>
          </params>
          <reporter-output>
          </reporter-output>
        </test-method> <!-- login -->
        <test-method is-config="true" signature="tearDown(org.testng.ITestResult)[pri:0, instance:tests.DashboardTest@2de23121]" started-at="2021-02-15T17:52:47Z" name="tearDown" finished-at="2021-02-15T17:52:47Z" duration-ms="0" status="PASS">
          <params>
            <param index="0">
              <value>
                <![CDATA[[TestResult name=login status=SUCCESS method=LoginTest.login(java.lang.String, java.lang.String)[pri:0, instance:tests.DashboardTest@2de23121] output={null}]]]>
              </value>
            </param>
          </params>
          <reporter-output>
          </reporter-output>
        </test-method> <!-- tearDown -->
        <test-method is-config="true" signature="tearDown(org.testng.ITestResult)[pri:0, instance:tests.DashboardTest@2de23121]" started-at="2021-02-15T17:53:05Z" name="tearDown" finished-at="2021-02-15T17:53:05Z" duration-ms="0" status="PASS">
          <params>
            <param index="0">
              <value>
                <![CDATA[[TestResult name=login status=SUCCESS method=LoginTest.login(java.lang.String, java.lang.String)[pri:0, instance:tests.DashboardTest@2de23121] output={null}]]]>
              </value>
            </param>
          </params>
          <reporter-output>
          </reporter-output>
        </test-method> <!-- tearDown -->
        <test-method signature="Search()[pri:0, instance:tests.DashboardTest@2de23121]" started-at="2021-02-15T17:53:05Z" name="Search" finished-at="2021-02-15T17:53:05Z" depends-on-methods="tests.LoginTest.login" duration-ms="4" status="FAIL">
          <exception class="java.lang.NullPointerException">
            <full-stacktrace>
              <![CDATA[java.lang.NullPointerException
	at org.openqa.selenium.support.pagefactory.DefaultElementLocator.findElement(DefaultElementLocator.java:69)
	at org.openqa.selenium.support.pagefactory.internal.LocatingElementHandler.invoke(LocatingElementHandler.java:38)
	at com.sun.proxy.$Proxy15.sendKeys(Unknown Source)
	at pages.Dashboard.search(Dashboard.java:32)
	at tests.DashboardTest.Search(DashboardTest.java:10)
	at java.base/jdk.internal.reflect.NativeMethodAccessorImpl.invoke0(Native Method)
	at java.base/jdk.internal.reflect.NativeMethodAccessorImpl.invoke(NativeMethodAccessorImpl.java:62)
	at java.base/jdk.internal.reflect.DelegatingMethodAccessorImpl.invoke(DelegatingMethodAccessorImpl.java:43)
	at java.base/java.lang.reflect.Method.invoke(Method.java:566)
	at org.testng.internal.MethodInvocationHelper.invokeMethod(MethodInvocationHelper.java:84)
	at org.testng.internal.Invoker.invokeMethod(Invoker.java:714)
	at org.testng.internal.Invoker.invokeTestMethod(Invoker.java:901)
	at org.testng.internal.Invoker.invokeTestMethods(Invoker.java:1231)
	at org.testng.internal.TestMethodWorker.invokeTestMethods(TestMethodWorker.java:127)
	at org.testng.internal.TestMethodWorker.run(TestMethodWorker.java:111)
	at org.testng.TestRunner.privateRun(TestRunner.java:767)
	at org.testng.TestRunner.run(TestRunner.java:617)
	at org.testng.SuiteRunner.runTest(SuiteRunner.java:348)
	at org.testng.SuiteRunner.runSequentially(SuiteRunner.java:343)
	at org.testng.SuiteRunner.privateRun(SuiteRunner.java:305)
	at org.testng.SuiteRunner.run(SuiteRunner.java:254)
	at org.testng.SuiteRunnerWorker.runSuite(SuiteRunnerWorker.java:52)
	at org.testng.SuiteRunnerWorker.run(SuiteRunnerWorker.java:86)
	at org.testng.TestNG.runSuitesSequentially(TestNG.java:1224)
	at org.testng.TestNG.runSuitesLocally(TestNG.java:1149)
	at org.testng.TestNG.run(TestNG.java:1057)
	at org.testng.remote.AbstractRemoteTestNG.run(AbstractRemoteTestNG.java:115)
	at org.testng.remote.RemoteTestNG.initAndRun(RemoteTestNG.java:251)
	at org.testng.remote.RemoteTestNG.main(RemoteTestNG.java:77)
]]>
            </full-stacktrace>
          </exception> <!-- java.lang.NullPointerException -->
          <reporter-output>
          </reporter-output>
        </test-method> <!-- Search -->
        <test-method is-config="true" signature="tearDown(org.testng.ITestResult)[pri:0, instance:tests.DashboardTest@2de23121]" started-at="2021-02-15T17:53:05Z" name="tearDown" finished-at="2021-02-15T17:53:06Z" duration-ms="979" status="PASS">
          <params>
            <param index="0">
              <value>
                <![CDATA[[TestResult name=Search status=FAILURE method=DashboardTest.Search()[pri:0, instance:tests.DashboardTest@2de23121] output={null}]]]>
              </value>
            </param>
          </params>
          <reporter-output>
          </reporter-output>
        </test-method> <!-- tearDown -->
        <test-method is-config="true" signature="cleanup()[pri:0, instance:tests.DashboardTest@2de23121]" started-at="2021-02-15T17:53:06Z" name="cleanup" finished-at="2021-02-15T17:53:08Z" duration-ms="2142" status="PASS">
          <reporter-output>
          </reporter-output>
        </test-method> <!-- cleanup -->
      </class> <!-- tests.DashboardTest -->
    </test> <!-- Simple Test Suite -->
  </suite> <!-- Test Suite -->
</testng-results>
